<?xml version="1.0" encoding="UTF-8"?>
<!-- Generated by org.testng.reporters.JUnitReportReporter -->
<testsuite skipped="0" hostname="DESKTOP-C3G1V2J" name="com.makemytrip.testCases.HomePage" tests="1" failures="0" timestamp="15 May 2019 12:27:11 GMT" time="17.301" errors="0">
  <testcase name="searchFlights" time="17.301" classname="com.makemytrip.testCases.HomePage"/>
</testsuite> <!-- com.makemytrip.testCases.HomePage -->
